Build started 2013-01-28 17:58:15.
     1>Project "C:\Users\Utilisateur\Documents\GitHub\inf1010\tp2_inf1010\tp2_inf1010\tp2_inf1010.vcxproj" on node 2 (ClCompile target(s)).
     1>ClCompile:
         C:\Program Files (x86)\Microsoft Visual Studio 11.0\VC\bin\CL.exe /c /ZI /nologo /W3 /WX- /Od /Oy- /D WIN32 /D _DEBUG /D _CONSOLE /D _UNICODE /D UNICODE /Gm /EHsc /RTC1 /MDd /GS /fp:precise /Zc:wchar_t /Zc:forScope /Fo"Debug\\" /Fd"Debug\vc110.pdb" /Gd /TP /analyze- /errorReport:prompt main.cpp
         main.cpp
     1>c:\users\utilisateur\documents\github\inf1010\tp2_inf1010\tp2_inf1010\main.cpp(10): fatal error C1083: Cannot open include file: 'Triangle.h': No such file or directory
     1>Done Building Project "C:\Users\Utilisateur\Documents\GitHub\inf1010\tp2_inf1010\tp2_inf1010\tp2_inf1010.vcxproj" (ClCompile target(s)) -- FAILED.

Build FAILED.

Time Elapsed 00:00:03.80
